<?xml version="1.0" encoding="UTF-8"?>
<!-- Generated by org.testng.reporters.JUnitReportReporter -->
<testsuite skipped="0" hostname="qainfotech-Latitude-3490" name="StartCassandra" tests="1" failures="0" timestamp="2020-05-06T18:44:18 IST" time="1.495" errors="0">
  <testcase name="whenCreatingKeyspace" time="1.495" classname="StartCassandra"/>
  <system-out/>
</testsuite> <!-- StartCassandra -->
