<?xml version="1.0" encoding="UTF-8"?>
<!-- Generated by org.testng.reporters.JUnitReportReporter -->
<testsuite skipped="0" hostname="qainfotech-Latitude-3490" name="StartCassandra" tests="1" failures="0" timestamp="2020-05-14T13:04:03 IST" time="0.590" errors="0">
  <testcase name="whenCreatingKeyspace" time="0.590" classname="StartCassandra"/>
  <system-out/>
</testsuite> <!-- StartCassandra -->
