<?xml version="1.0" encoding="UTF-8"?>
<!-- Generated by org.testng.reporters.JUnitReportReporter -->
<testsuite skipped="0" hostname="qainfotech-Latitude-3490" name="com.casandradatabase.test.StartCassandra" tests="5" failures="0" timestamp="2020-05-15T16:45:54 IST" time="17.368" errors="0">
  <testcase name="whenCreatingKeyspace" time="0.610" classname="com.casandradatabase.test.StartCassandra"/>
  <system-out/>
  <testcase name="creatingTable" time="2.537" classname="com.casandradatabase.test.StartCassandra"/>
  <system-out/>
  <testcase name="insertData" time="0.026" classname="com.casandradatabase.test.StartCassandra"/>
  <system-out/>
  <testcase name="displayTableData" time="0.019" classname="com.casandradatabase.test.StartCassandra"/>
  <system-out/>
  <testcase name="dropTable" time="14.176" classname="com.casandradatabase.test.StartCassandra"/>
  <system-out/>
</testsuite> <!-- com.casandradatabase.test.StartCassandra -->
