<?xml version="1.0" encoding="UTF-8"?>
<!-- Generated by org.testng.reporters.JUnitReportReporter -->
<testsuite skipped="0" hostname="qainfotech-Latitude-3490" name="com.casandradatabase.test.StartCassandra" tests="5" failures="0" timestamp="2020-05-14T17:54:44 IST" time="19.524" errors="0">
  <testcase name="whenCreatingKeyspace" time="4.582" classname="com.casandradatabase.test.StartCassandra"/>
  <system-out/>
  <testcase name="creatingTable" time="3.218" classname="com.casandradatabase.test.StartCassandra"/>
  <system-out/>
  <testcase name="insertData" time="0.015" classname="com.casandradatabase.test.StartCassandra"/>
  <system-out/>
  <testcase name="displayTableData" time="0.007" classname="com.casandradatabase.test.StartCassandra"/>
  <system-out/>
  <testcase name="dropTable" time="11.702" classname="com.casandradatabase.test.StartCassandra"/>
  <system-out/>
</testsuite> <!-- com.casandradatabase.test.StartCassandra -->
